Started GET "/" for ::1 at 2021-11-10 15:08:22 -0500

ActiveRecord::NoDatabaseError - connection to server on socket "/tmp/.s.PGSQL.5432" failed: FATAL:  database "first_routes_development" does not exist:

Started POST "/__better_errors/521c9555af39d671/variables" for ::1 at 2021-11-10 15:08:22 -0500
Started GET "/" for ::1 at 2021-11-10 15:19:20 -0500

ActiveRecord::NoDatabaseError - FATAL:  database "first_routes_development" does not exist:

Started POST "/__better_errors/a8bdfe5bf79950d8/variables" for ::1 at 2021-11-10 15:19:20 -0500
Started GET "/" for ::1 at 2021-11-10 15:20:54 -0500

ActiveRecord::NoDatabaseError - FATAL:  database "first_routes_development" does not exist:

Started POST "/__better_errors/25490bb9640e9eb6/variables" for ::1 at 2021-11-10 15:20:54 -0500
Started POST "/__better_errors/25490bb9640e9eb6/variables" for ::1 at 2021-11-10 15:21:37 -0500
Started GET "/" for ::1 at 2021-11-10 15:22:31 -0500

ActiveRecord::NoDatabaseError - FATAL:  database "first_routes_development" does not exist:

Started POST "/__better_errors/90bbdf9f42103ac0/variables" for ::1 at 2021-11-10 15:22:31 -0500
  [1m[35m (187.1ms)[0m  [1m[35mCREATE DATABASE "first_routes_development" ENCODING = 'unicode'[0m
  ↳ bin/rails:9
  [1m[35m (169.5ms)[0m  [1m[35mCREATE DATABASE "first_routes_test" ENCODING = 'unicode'[0m
  ↳ bin/rails:9
Started GET "/" for ::1 at 2021-11-10 15:25:53 -0500
Processing by Rails::WelcomeController#index as HTML
  Rendering /home/anna/.rbenv/versions/2.5.1/lib/ruby/gems/2.5.0/gems/railties-5.2.6/lib/rails/templates/rails/welcome/index.html.erb
  Rendered /home/anna/.rbenv/versions/2.5.1/lib/ruby/gems/2.5.0/gems/railties-5.2.6/lib/rails/templates/rails/welcome/index.html.erb (5.5ms)
Completed 200 OK in 33ms (Views: 20.2ms | ActiveRecord: 0.0ms)


Started GET "/" for ::1 at 2021-11-10 15:26:01 -0500
Processing by Rails::WelcomeController#index as HTML
  Rendering /home/anna/.rbenv/versions/2.5.1/lib/ruby/gems/2.5.0/gems/railties-5.2.6/lib/rails/templates/rails/welcome/index.html.erb
  Rendered /home/anna/.rbenv/versions/2.5.1/lib/ruby/gems/2.5.0/gems/railties-5.2.6/lib/rails/templates/rails/welcome/index.html.erb (4.1ms)
Completed 200 OK in 9ms (Views: 7.0ms | ActiveRecord: 0.0ms)


Started GET "/" for ::1 at 2021-11-10 15:26:08 -0500
Processing by Rails::WelcomeController#index as HTML
  Rendering /home/anna/.rbenv/versions/2.5.1/lib/ruby/gems/2.5.0/gems/railties-5.2.6/lib/rails/templates/rails/welcome/index.html.erb
  Rendered /home/anna/.rbenv/versions/2.5.1/lib/ruby/gems/2.5.0/gems/railties-5.2.6/lib/rails/templates/rails/welcome/index.html.erb (9.9ms)
Completed 200 OK in 18ms (Views: 15.6ms | ActiveRecord: 0.0ms)


Started GET "/" for ::1 at 2021-11-10 15:27:20 -0500
Processing by Rails::WelcomeController#index as */*
  Rendering /home/anna/.rbenv/versions/2.5.1/lib/ruby/gems/2.5.0/gems/railties-5.2.6/lib/rails/templates/rails/welcome/index.html.erb
  Rendered /home/anna/.rbenv/versions/2.5.1/lib/ruby/gems/2.5.0/gems/railties-5.2.6/lib/rails/templates/rails/welcome/index.html.erb (4.0ms)
Completed 200 OK in 26ms (Views: 15.8ms | ActiveRecord: 0.0ms)


Started GET "/users" for ::1 at 2021-11-10 15:32:39 -0500
Processing by UsersController#index as */*
  Rendering text template
  Rendered text template (0.1ms)
Completed 200 OK in 12ms (Views: 6.1ms | ActiveRecord: 0.0ms)


Started GET "/users" for ::1 at 2021-11-10 15:32:51 -0500
Processing by UsersController#index as HTML
  Rendering text template
  Rendered text template (0.1ms)
Completed 200 OK in 3ms (Views: 2.5ms | ActiveRecord: 0.0ms)


Started GET "/users?fav_food=pizza" for ::1 at 2021-11-10 15:37:52 -0500
Processing by UsersController#index as */*
  Parameters: {"fav_food"=>"pizza"}
  Rendering text template
  Rendered text template (0.0ms)
Completed 200 OK in 2ms (Views: 1.6ms | ActiveRecord: 0.0ms)


Started GET "/users?fav_food=pizza" for ::1 at 2021-11-10 15:43:48 -0500
Processing by UsersController#index as */*
  Parameters: {"fav_food"=>"pizza"}
  Rendering text template
  Rendered text template (0.1ms)
Completed 200 OK in 3ms (Views: 2.1ms | ActiveRecord: 0.0ms)


Started GET "/users?fav_food=pizza" for ::1 at 2021-11-10 15:43:49 -0500
Processing by UsersController#index as */*
  Parameters: {"fav_food"=>"pizza"}
  Rendering text template
  Rendered text template (0.1ms)
Completed 200 OK in 9ms (Views: 7.0ms | ActiveRecord: 0.0ms)


Started GET "/users?admin=true" for ::1 at 2021-11-10 15:44:33 -0500
Processing by UsersController#index as */*
  Parameters: {"admin"=>"true"}
  Rendering text template
  Rendered text template (0.0ms)
Completed 200 OK in 2ms (Views: 1.4ms | ActiveRecord: 0.0ms)


Started GET "/users?admin=true/users?fav_food=pizza" for ::1 at 2021-11-10 15:44:51 -0500
Processing by UsersController#index as */*
  Parameters: {"admin"=>"true/users?fav_food=pizza"}
  Rendering text template
  Rendered text template (0.1ms)
Completed 200 OK in 3ms (Views: 1.9ms | ActiveRecord: 0.0ms)


Started GET "/users?admin=true/users?fav_food=pizza" for ::1 at 2021-11-10 15:44:52 -0500
Processing by UsersController#index as */*
  Parameters: {"admin"=>"true/users?fav_food=pizza"}
  Rendering text template
  Rendered text template (0.1ms)
Completed 200 OK in 9ms (Views: 8.5ms | ActiveRecord: 0.0ms)


Started GET "/users?admin=true" for ::1 at 2021-11-10 15:45:39 -0500
Processing by UsersController#index as */*
  Parameters: {"admin"=>"true"}
  Rendering text template
  Rendered text template (0.1ms)
Completed 200 OK in 3ms (Views: 2.2ms | ActiveRecord: 0.0ms)


Started GET "/users?fav_food=pizza" for ::1 at 2021-11-10 15:46:35 -0500
Processing by UsersController#index as */*
  Parameters: {"fav_food"=>"pizza"}
  Rendering text template
  Rendered text template (0.0ms)
Completed 200 OK in 3ms (Views: 1.8ms | ActiveRecord: 0.0ms)


Started GET "/users?fav_food=pizza" for ::1 at 2021-11-10 15:46:38 -0500
Processing by UsersController#index as */*
  Parameters: {"fav_food"=>"pizza"}
  Rendering text template
  Rendered text template (0.1ms)
Completed 200 OK in 5ms (Views: 4.1ms | ActiveRecord: 0.0ms)


Started GET "/" for ::1 at 2021-11-10 16:05:44 -0500

ActiveRecord::NoDatabaseError - connection to server on socket "/tmp/.s.PGSQL.5432" failed: FATAL:  database "first_routes_development" does not exist:

Started POST "/__better_errors/7279ce299a063912/variables" for ::1 at 2021-11-10 16:05:44 -0500
Started GET "/" for ::1 at 2021-11-10 16:06:31 -0500

ActiveRecord::NoDatabaseError - connection to server on socket "/tmp/.s.PGSQL.5432" failed: FATAL:  database "first_routes_development" does not exist:

  [1m[35m (126.3ms)[0m  [1m[35mCREATE DATABASE "first_routes_development" ENCODING = 'unicode'[0m
  ↳ bin/rails:9
  [1m[35m (57.7ms)[0m  [1m[35mCREATE DATABASE "first_routes_test" ENCODING = 'unicode'[0m
  ↳ bin/rails:9
Started GET "/" for ::1 at 2021-11-10 16:07:29 -0500
Processing by Rails::WelcomeController#index as */*
  Rendering /Users/edfo/.rbenv/versions/2.5.1/lib/ruby/gems/2.5.0/gems/railties-5.2.6/lib/rails/templates/rails/welcome/index.html.erb
  Rendered /Users/edfo/.rbenv/versions/2.5.1/lib/ruby/gems/2.5.0/gems/railties-5.2.6/lib/rails/templates/rails/welcome/index.html.erb (2.4ms)
Completed 200 OK in 63ms (Views: 31.2ms | ActiveRecord: 0.0ms)


Started GET "/" for ::1 at 2021-11-10 16:07:50 -0500
Processing by Rails::WelcomeController#index as HTML
  Rendering /Users/edfo/.rbenv/versions/2.5.1/lib/ruby/gems/2.5.0/gems/railties-5.2.6/lib/rails/templates/rails/welcome/index.html.erb
  Rendered /Users/edfo/.rbenv/versions/2.5.1/lib/ruby/gems/2.5.0/gems/railties-5.2.6/lib/rails/templates/rails/welcome/index.html.erb (5.6ms)
Completed 200 OK in 23ms (Views: 13.1ms | ActiveRecord: 0.0ms)


Started GET "/users?fav_food=pizza" for ::1 at 2021-11-10 16:08:15 -0500

SyntaxError - syntax error, unexpected end-of-input, expecting keyword_end:
  app/controllers/users_controller.rb:32:in `'

Started GET "/users?fav_food=pizza" for ::1 at 2021-11-10 16:08:49 -0500
Processing by UsersController#index as */*
  Parameters: {"fav_food"=>"pizza"}
Completed 500 Internal Server Error in 2ms (ActiveRecord: 0.0ms)



NameError - uninitialized constant UsersController::User:
  app/controllers/users_controller.rb:4:in `index'

Started GET "/users?fav_food=pizza" for ::1 at 2021-11-10 16:12:57 -0500
Processing by UsersController#index as */*
  Parameters: {"fav_food"=>"pizza"}
Completed 500 Internal Server Error in 2ms (ActiveRecord: 0.0ms)



NameError - uninitialized constant UsersController::User:
  app/controllers/users_controller.rb:4:in `index'

Started GET "/users?fav_food=pizza" for ::1 at 2021-11-10 16:18:16 -0500
Processing by UsersController#index as */*
  Parameters: {"fav_food"=>"pizza"}
Completed 500 Internal Server Error in 1ms (ActiveRecord: 0.0ms)



ArgumentError - render parameters are not permitted:
  app/controllers/users_controller.rb:5:in `index'

Started GET "/users?fav_food=pizza" for ::1 at 2021-11-10 16:18:52 -0500
Processing by UsersController#index as */*
  Parameters: {"fav_food"=>"pizza"}
Completed 200 OK in 1ms (Views: 0.3ms | ActiveRecord: 0.0ms)


  [1m[36mUser Load (2.5ms)[0m  [1m[34mSELECT "users".* FROM "users"[0m
Started POST "/users" for ::1 at 2021-11-10 16:23:32 -0500
Processing by UsersController#create as */*
Completed 200 OK in 1ms (Views: 0.3ms | ActiveRecord: 0.0ms)


Started POST "/users/:id" for ::1 at 2021-11-10 16:25:22 -0500
  
ActionController::RoutingError (No route matches [POST] "/users/:id"):
  
actionpack (5.2.6) lib/action_dispatch/middleware/debug_exceptions.rb:65:in `call'
web-console (3.7.0) lib/web_console/middleware.rb:135:in `call_app'
web-console (3.7.0) lib/web_console/middleware.rb:30:in `block in call'
web-console (3.7.0) lib/web_console/middleware.rb:20:in `catch'
web-console (3.7.0) lib/web_console/middleware.rb:20:in `call'
actionpack (5.2.6) lib/action_dispatch/middleware/show_exceptions.rb:33:in `call'
railties (5.2.6) lib/rails/rack/logger.rb:38:in `call_app'
railties (5.2.6) lib/rails/rack/logger.rb:26:in `block in call'
activesupport (5.2.6) lib/active_support/tagged_logging.rb:71:in `block in tagged'
activesupport (5.2.6) lib/active_support/tagged_logging.rb:28:in `tagged'
activesupport (5.2.6) lib/active_support/tagged_logging.rb:71:in `tagged'
railties (5.2.6) lib/rails/rack/logger.rb:26:in `call'
sprockets-rails (3.2.2) lib/sprockets/rails/quiet_assets.rb:13:in `call'
actionpack (5.2.6) lib/action_dispatch/middleware/remote_ip.rb:81:in `call'
actionpack (5.2.6) lib/action_dispatch/middleware/request_id.rb:27:in `call'
rack (2.2.3) lib/rack/method_override.rb:24:in `call'
rack (2.2.3) lib/rack/runtime.rb:22:in `call'
activesupport (5.2.6) lib/active_support/cache/strategy/local_cache_middleware.rb:29:in `call'
actionpack (5.2.6) lib/action_dispatch/middleware/executor.rb:14:in `call'
actionpack (5.2.6) lib/action_dispatch/middleware/static.rb:127:in `call'
rack (2.2.3) lib/rack/sendfile.rb:110:in `call'
railties (5.2.6) lib/rails/engine.rb:524:in `call'
puma (3.12.6) lib/puma/configuration.rb:227:in `call'
puma (3.12.6) lib/puma/server.rb:706:in `handle_request'
puma (3.12.6) lib/puma/server.rb:476:in `process_client'
puma (3.12.6) lib/puma/server.rb:334:in `block in run'
puma (3.12.6) lib/puma/thread_pool.rb:135:in `block in spawn_thread'
Started GET "/users/:id" for ::1 at 2021-11-10 16:25:28 -0500
Processing by UsersController#show as */*
  Parameters: {"id"=>":id"}
Completed 500 Internal Server Error in 40ms (ActiveRecord: 4.7ms)



ArgumentError - 'User(Table doesn't exist)' is not an ActiveModel-compatible object. It must implement :to_partial_path.:
  app/controllers/users_controller.rb:11:in `show'

Started GET "/users/:id" for ::1 at 2021-11-10 16:26:02 -0500
Processing by UsersController#show as */*
  Parameters: {"id"=>":id"}
Completed 200 OK in 1ms (Views: 0.2ms | ActiveRecord: 0.0ms)


Started GET "//users?some_category[a_key]=another+value&some_category[a_second_key]=yet+another+value" for ::1 at 2021-11-10 16:27:10 -0500
Processing by UsersController#index as */*
  Parameters: {"some_category"=>{"a_key"=>"another value", "a_second_key"=>"yet another value"}}
Completed 200 OK in 1ms (Views: 0.4ms | ActiveRecord: 0.0ms)


Started POST "//users?some_category[a_key]=another+value&some_category[a_second_key]=yet+another+value" for ::1 at 2021-11-10 16:28:36 -0500
Processing by UsersController#create as */*
  Parameters: {"some_category"=>{"a_key"=>"another value", "a_second_key"=>"yet another value"}}
Completed 200 OK in 0ms (Views: 0.2ms | ActiveRecord: 0.0ms)


Started POST "/users" for ::1 at 2021-11-10 16:31:03 -0500
Processing by UsersController#create as */*
  Parameters: {"a_key"=>"another value"}
Completed 200 OK in 1ms (Views: 0.4ms | ActiveRecord: 0.0ms)


Started POST "/users" for ::1 at 2021-11-10 16:31:13 -0500
Processing by UsersController#create as */*
  Parameters: {"a_key"=>"another value"}
Completed 200 OK in 0ms (Views: 0.2ms | ActiveRecord: 0.0ms)


Started POST "/users" for ::1 at 2021-11-10 16:32:19 -0500
Processing by UsersController#create as */*
  Parameters: {"a_key"=>"another value", "yer"=>"ya\n"}
Completed 200 OK in 2ms (Views: 0.2ms | ActiveRecord: 0.0ms)


Started POST "/users" for ::1 at 2021-11-10 16:32:48 -0500
Processing by UsersController#create as */*
  Parameters: {"a_key"=>"another value", "yer"=>"ya", "cat"=>"'a_key': 'another value'"}
Completed 200 OK in 1ms (Views: 0.4ms | ActiveRecord: 0.0ms)


Started POST "/users" for ::1 at 2021-11-10 16:33:26 -0500
Processing by UsersController#create as */*
  Parameters: {"a_key"=>"another value", "yer"=>"ya", "cat"=>{"hi"=>"hello", "by"=>"yer"}}
Completed 200 OK in 1ms (Views: 0.4ms | ActiveRecord: 0.0ms)


